\BOOKMARK [0][-]{chapter.1}{\376\377\0001\000\040\000C\000l\000a\000s\000s\000\040\000I\000n\000d\000e\000x}{}% 1
\BOOKMARK [1][-]{section.1.1}{\376\377\0001\000.\0001\000\040\000C\000l\000a\000s\000s\000\040\000L\000i\000s\000t}{chapter.1}% 2
\BOOKMARK [0][-]{chapter.2}{\376\377\0002\000\040\000F\000i\000l\000e\000\040\000I\000n\000d\000e\000x}{}% 3
\BOOKMARK [1][-]{section.2.1}{\376\377\0002\000.\0001\000\040\000F\000i\000l\000e\000\040\000L\000i\000s\000t}{chapter.2}% 4
\BOOKMARK [0][-]{chapter.3}{\376\377\0003\000\040\000C\000l\000a\000s\000s\000\040\000D\000o\000c\000u\000m\000e\000n\000t\000a\000t\000i\000o\000n}{}% 5
\BOOKMARK [1][-]{section.3.1}{\376\377\0003\000.\0001\000\040\000D\000o\000m\000a\000i\000n\000<\000\040\000T\000\040\000>\000\040\000C\000l\000a\000s\000s\000\040\000T\000e\000m\000p\000l\000a\000t\000e\000\040\000R\000e\000f\000e\000r\000e\000n\000c\000e}{chapter.3}% 6
\BOOKMARK [2][-]{subsection.3.1.1}{\376\377\0003\000.\0001\000.\0001\000\040\000D\000e\000t\000a\000i\000l\000e\000d\000\040\000D\000e\000s\000c\000r\000i\000p\000t\000i\000o\000n}{section.3.1}% 7
\BOOKMARK [2][-]{subsection.3.1.2}{\376\377\0003\000.\0001\000.\0002\000\040\000C\000o\000n\000s\000t\000r\000u\000c\000t\000o\000r\000\040\000\046\000\040\000D\000e\000s\000t\000r\000u\000c\000t\000o\000r\000\040\000D\000o\000c\000u\000m\000e\000n\000t\000a\000t\000i\000o\000n}{section.3.1}% 8
\BOOKMARK [3][-]{subsubsection.3.1.2.1}{\376\377\0003\000.\0001\000.\0002\000.\0001\000\040\000D\000o\000m\000a\000i\000n\000\050\000\051\000\040\000[\0001\000/\0002\000]}{subsection.3.1.2}% 9
\BOOKMARK [3][-]{subsubsection.3.1.2.2}{\376\377\0003\000.\0001\000.\0002\000.\0002\000\040\000D\000o\000m\000a\000i\000n\000\050\000\051\000\040\000[\0002\000/\0002\000]}{subsection.3.1.2}% 10
\BOOKMARK [3][-]{subsubsection.3.1.2.3}{\376\377\0003\000.\0001\000.\0002\000.\0003\000\040\000\040\000D\000o\000m\000a\000i\000n\000\050\000\051}{subsection.3.1.2}% 11
\BOOKMARK [2][-]{subsection.3.1.3}{\376\377\0003\000.\0001\000.\0003\000\040\000M\000e\000m\000b\000e\000r\000\040\000F\000u\000n\000c\000t\000i\000o\000n\000\040\000D\000o\000c\000u\000m\000e\000n\000t\000a\000t\000i\000o\000n}{section.3.1}% 12
\BOOKMARK [3][-]{subsubsection.3.1.3.1}{\376\377\0003\000.\0001\000.\0003\000.\0001\000\040\000a\000l\000l\000o\000c\000a\000t\000e\000P\000o\000i\000n\000t\000e\000r\000s\000\050\000\051}{subsection.3.1.3}% 13
\BOOKMARK [3][-]{subsubsection.3.1.3.2}{\376\377\0003\000.\0001\000.\0003\000.\0002\000\040\000c\000r\000e\000a\000t\000e\000S\000u\000b\000D\000o\000m\000a\000i\000n\000s\000\050\000\051}{subsection.3.1.3}% 14
\BOOKMARK [3][-]{subsubsection.3.1.3.3}{\376\377\0003\000.\0001\000.\0003\000.\0003\000\040\000f\000i\000n\000d\000N\000e\000i\000g\000h\000b\000o\000u\000r\000s\000\050\000\051}{subsection.3.1.3}% 15
\BOOKMARK [3][-]{subsubsection.3.1.3.4}{\376\377\0003\000.\0001\000.\0003\000.\0004\000\040\000i\000d\000\137\000f\000r\000o\000m\000\137\000i\000n\000d\000e\000x\000\050\000\051}{subsection.3.1.3}% 16
\BOOKMARK [3][-]{subsubsection.3.1.3.5}{\376\377\0003\000.\0001\000.\0003\000.\0005\000\040\000i\000d\000\137\000t\000o\000\137\000i\000n\000d\000e\000x\000\050\000\051}{subsection.3.1.3}% 17
\BOOKMARK [3][-]{subsubsection.3.1.3.6}{\376\377\0003\000.\0001\000.\0003\000.\0006\000\040\000p\000r\000i\000n\000t\000s\000u\000b\000D\000o\000m\000a\000i\000n\000\050\000\051}{subsection.3.1.3}% 18
\BOOKMARK [3][-]{subsubsection.3.1.3.7}{\376\377\0003\000.\0001\000.\0003\000.\0007\000\040\000s\000e\000t\000S\000u\000b\000D\000o\000m\000a\000i\000n\000S\000i\000z\000e\000\050\000\051}{subsection.3.1.3}% 19
\BOOKMARK [3][-]{subsubsection.3.1.3.8}{\376\377\0003\000.\0001\000.\0003\000.\0008\000\040\000s\000w\000a\000p\000G\000r\000i\000d\000P\000o\000i\000n\000t\000e\000r\000s\000\050\000\051}{subsection.3.1.3}% 20
\BOOKMARK [2][-]{subsection.3.1.4}{\376\377\0003\000.\0001\000.\0004\000\040\000M\000e\000m\000b\000e\000r\000\040\000D\000a\000t\000a\000\040\000D\000o\000c\000u\000m\000e\000n\000t\000a\000t\000i\000o\000n}{section.3.1}% 21
\BOOKMARK [3][-]{subsubsection.3.1.4.1}{\376\377\0003\000.\0001\000.\0004\000.\0001\000\040\000c\000u\000r\000r\000e\000n\000t\000\137\000g\000r\000i\000d\000\137\0001\000d}{subsection.3.1.4}% 22
\BOOKMARK [3][-]{subsubsection.3.1.4.2}{\376\377\0003\000.\0001\000.\0004\000.\0002\000\040\000c\000u\000r\000r\000e\000n\000t\000\137\000g\000r\000i\000d\000\137\0002\000d}{subsection.3.1.4}% 23
\BOOKMARK [3][-]{subsubsection.3.1.4.3}{\376\377\0003\000.\0001\000.\0004\000.\0003\000\040\000g\000l\000o\000b\000a\000l\000\137\000i}{subsection.3.1.4}% 24
\BOOKMARK [3][-]{subsubsection.3.1.4.4}{\376\377\0003\000.\0001\000.\0004\000.\0004\000\040\000g\000l\000o\000b\000a\000l\000\137\000i\000m\000a\000x}{subsection.3.1.4}% 25
\BOOKMARK [3][-]{subsubsection.3.1.4.5}{\376\377\0003\000.\0001\000.\0004\000.\0005\000\040\000g\000l\000o\000b\000a\000l\000\137\000j}{subsection.3.1.4}% 26
\BOOKMARK [3][-]{subsubsection.3.1.4.6}{\376\377\0003\000.\0001\000.\0004\000.\0006\000\040\000g\000l\000o\000b\000a\000l\000\137\000j\000m\000a\000x}{subsection.3.1.4}% 27
\BOOKMARK [3][-]{subsubsection.3.1.4.7}{\376\377\0003\000.\0001\000.\0004\000.\0007\000\040\000n\000e\000i\000g\000h\000b\000o\000u\000r\000s}{subsection.3.1.4}% 28
\BOOKMARK [3][-]{subsubsection.3.1.4.8}{\376\377\0003\000.\0001\000.\0004\000.\0008\000\040\000n\000e\000w\000\137\000g\000r\000i\000d\000\137\0001\000d}{subsection.3.1.4}% 29
\BOOKMARK [3][-]{subsubsection.3.1.4.9}{\376\377\0003\000.\0001\000.\0004\000.\0009\000\040\000n\000e\000w\000\137\000g\000r\000i\000d\000\137\0002\000d}{subsection.3.1.4}% 30
\BOOKMARK [3][-]{subsubsection.3.1.4.10}{\376\377\0003\000.\0001\000.\0004\000.\0001\0000\000\040\000n\000u\000m\000\137\000c\000o\000l\000u\000m\000n\000s}{subsection.3.1.4}% 31
\BOOKMARK [3][-]{subsubsection.3.1.4.11}{\376\377\0003\000.\0001\000.\0004\000.\0001\0001\000\040\000n\000u\000m\000\137\000r\000o\000w\000s}{subsection.3.1.4}% 32
\BOOKMARK [3][-]{subsubsection.3.1.4.12}{\376\377\0003\000.\0001\000.\0004\000.\0001\0002\000\040\000o\000l\000d\000\137\000g\000r\000i\000d\000\137\0001\000d}{subsection.3.1.4}% 33
\BOOKMARK [3][-]{subsubsection.3.1.4.13}{\376\377\0003\000.\0001\000.\0004\000.\0001\0003\000\040\000o\000l\000d\000\137\000g\000r\000i\000d\000\137\0002\000d}{subsection.3.1.4}% 34
\BOOKMARK [3][-]{subsubsection.3.1.4.14}{\376\377\0003\000.\0001\000.\0004\000.\0001\0004\000\040\000s\000t\000a\000r\000t\000\137\000c\000o\000l\000u\000m\000n}{subsection.3.1.4}% 35
\BOOKMARK [3][-]{subsubsection.3.1.4.15}{\376\377\0003\000.\0001\000.\0004\000.\0001\0005\000\040\000s\000t\000a\000r\000t\000\137\000r\000o\000w}{subsection.3.1.4}% 36
\BOOKMARK [3][-]{subsubsection.3.1.4.16}{\376\377\0003\000.\0001\000.\0004\000.\0001\0006\000\040\000s\000u\000b\000\137\000c\000o\000l\000s}{subsection.3.1.4}% 37
\BOOKMARK [3][-]{subsubsection.3.1.4.17}{\376\377\0003\000.\0001\000.\0004\000.\0001\0007\000\040\000s\000u\000b\000\137\000i}{subsection.3.1.4}% 38
\BOOKMARK [3][-]{subsubsection.3.1.4.18}{\376\377\0003\000.\0001\000.\0004\000.\0001\0008\000\040\000s\000u\000b\000\137\000i\000m\000a\000x}{subsection.3.1.4}% 39
\BOOKMARK [3][-]{subsubsection.3.1.4.19}{\376\377\0003\000.\0001\000.\0004\000.\0001\0009\000\040\000s\000u\000b\000\137\000j}{subsection.3.1.4}% 40
\BOOKMARK [3][-]{subsubsection.3.1.4.20}{\376\377\0003\000.\0001\000.\0004\000.\0002\0000\000\040\000s\000u\000b\000\137\000j\000m\000a\000x}{subsection.3.1.4}% 41
\BOOKMARK [3][-]{subsubsection.3.1.4.21}{\376\377\0003\000.\0001\000.\0004\000.\0002\0001\000\040\000s\000u\000b\000\137\000r\000o\000w\000s}{subsection.3.1.4}% 42
\BOOKMARK [1][-]{section.3.2}{\376\377\0003\000.\0002\000\040\000M\000P\000I\000\137\000D\000a\000t\000a\000<\000\040\000T\000\040\000>\000\040\000C\000l\000a\000s\000s\000\040\000T\000e\000m\000p\000l\000a\000t\000e\000\040\000R\000e\000f\000e\000r\000e\000n\000c\000e}{chapter.3}% 43
\BOOKMARK [2][-]{subsection.3.2.1}{\376\377\0003\000.\0002\000.\0001\000\040\000D\000e\000t\000a\000i\000l\000e\000d\000\040\000D\000e\000s\000c\000r\000i\000p\000t\000i\000o\000n}{section.3.2}% 44
\BOOKMARK [2][-]{subsection.3.2.2}{\376\377\0003\000.\0002\000.\0002\000\040\000C\000o\000n\000s\000t\000r\000u\000c\000t\000o\000r\000\040\000\046\000\040\000D\000e\000s\000t\000r\000u\000c\000t\000o\000r\000\040\000D\000o\000c\000u\000m\000e\000n\000t\000a\000t\000i\000o\000n}{section.3.2}% 45
\BOOKMARK [3][-]{subsubsection.3.2.2.1}{\376\377\0003\000.\0002\000.\0002\000.\0001\000\040\000M\000P\000I\000\137\000D\000a\000t\000a\000\050\000\051}{subsection.3.2.2}% 46
\BOOKMARK [3][-]{subsubsection.3.2.2.2}{\376\377\0003\000.\0002\000.\0002\000.\0002\000\040\000\040\000M\000P\000I\000\137\000D\000a\000t\000a\000\050\000\051}{subsection.3.2.2}% 47
\BOOKMARK [2][-]{subsection.3.2.3}{\376\377\0003\000.\0002\000.\0003\000\040\000M\000e\000m\000b\000e\000r\000\040\000F\000u\000n\000c\000t\000i\000o\000n\000\040\000D\000o\000c\000u\000m\000e\000n\000t\000a\000t\000i\000o\000n}{section.3.2}% 48
\BOOKMARK [3][-]{subsubsection.3.2.3.1}{\376\377\0003\000.\0002\000.\0003\000.\0001\000\040\000C\000r\000e\000a\000t\000e\000M\000P\000I\000\137\000T\000y\000p\000e\000s\000\050\000\051}{subsection.3.2.3}% 49
\BOOKMARK [3][-]{subsubsection.3.2.3.2}{\376\377\0003\000.\0002\000.\0003\000.\0002\000\040\000r\000e\000c\000v\000\137\000d\000a\000t\000a\000\050\000\051}{subsection.3.2.3}% 50
\BOOKMARK [3][-]{subsubsection.3.2.3.3}{\376\377\0003\000.\0002\000.\0003\000.\0003\000\040\000s\000e\000n\000d\000\137\000d\000a\000t\000a\000\050\000\051}{subsection.3.2.3}% 51
\BOOKMARK [2][-]{subsection.3.2.4}{\376\377\0003\000.\0002\000.\0004\000\040\000M\000e\000m\000b\000e\000r\000\040\000D\000a\000t\000a\000\040\000D\000o\000c\000u\000m\000e\000n\000t\000a\000t\000i\000o\000n}{section.3.2}% 52
\BOOKMARK [3][-]{subsubsection.3.2.4.1}{\376\377\0003\000.\0002\000.\0004\000.\0001\000\040\000B\000o\000t\000t\000o\000m\000\137\000G\000h\000o\000s\000t\000\137\000T\000y\000p\000e}{subsection.3.2.4}% 53
\BOOKMARK [3][-]{subsubsection.3.2.4.2}{\376\377\0003\000.\0002\000.\0004\000.\0002\000\040\000B\000o\000t\000t\000o\000m\000\137\000T\000y\000p\000e}{subsection.3.2.4}% 54
\BOOKMARK [3][-]{subsubsection.3.2.4.3}{\376\377\0003\000.\0002\000.\0004\000.\0003\000\040\000L\000e\000f\000t\000\137\000G\000h\000o\000s\000t\000\137\000T\000y\000p\000e}{subsection.3.2.4}% 55
\BOOKMARK [3][-]{subsubsection.3.2.4.4}{\376\377\0003\000.\0002\000.\0004\000.\0004\000\040\000L\000e\000f\000t\000\137\000T\000y\000p\000e}{subsection.3.2.4}% 56
\BOOKMARK [3][-]{subsubsection.3.2.4.5}{\376\377\0003\000.\0002\000.\0004\000.\0005\000\040\000R\000i\000g\000h\000t\000\137\000G\000h\000o\000s\000t\000\137\000T\000y\000p\000e}{subsection.3.2.4}% 57
\BOOKMARK [3][-]{subsubsection.3.2.4.6}{\376\377\0003\000.\0002\000.\0004\000.\0006\000\040\000R\000i\000g\000h\000t\000\137\000T\000y\000p\000e}{subsection.3.2.4}% 58
\BOOKMARK [3][-]{subsubsection.3.2.4.7}{\376\377\0003\000.\0002\000.\0004\000.\0007\000\040\000T\000o\000p\000\137\000G\000h\000o\000s\000t\000\137\000T\000y\000p\000e}{subsection.3.2.4}% 59
\BOOKMARK [3][-]{subsubsection.3.2.4.8}{\376\377\0003\000.\0002\000.\0004\000.\0008\000\040\000T\000o\000p\000\137\000T\000y\000p\000e}{subsection.3.2.4}% 60
\BOOKMARK [1][-]{section.3.3}{\376\377\0003\000.\0003\000\040\000T\000i\000m\000i\000n\000g\000T\000e\000s\000t\000\040\000C\000l\000a\000s\000s\000\040\000R\000e\000f\000e\000r\000e\000n\000c\000e}{chapter.3}% 61
\BOOKMARK [2][-]{subsection.3.3.1}{\376\377\0003\000.\0003\000.\0001\000\040\000D\000e\000t\000a\000i\000l\000e\000d\000\040\000D\000e\000s\000c\000r\000i\000p\000t\000i\000o\000n}{section.3.3}% 62
\BOOKMARK [2][-]{subsection.3.3.2}{\376\377\0003\000.\0003\000.\0002\000\040\000M\000e\000m\000b\000e\000r\000\040\000F\000u\000n\000c\000t\000i\000o\000n\000\040\000D\000o\000c\000u\000m\000e\000n\000t\000a\000t\000i\000o\000n}{section.3.3}% 63
\BOOKMARK [3][-]{subsubsection.3.3.2.1}{\376\377\0003\000.\0003\000.\0002\000.\0001\000\040\000t\000i\000m\000i\000n\000g\000\137\000d\000o\000m\000a\000i\000n\000\137\000s\000e\000t\000u\000p\000\050\000\051}{subsection.3.3.2}% 64
\BOOKMARK [3][-]{subsubsection.3.3.2.2}{\376\377\0003\000.\0003\000.\0002\000.\0002\000\040\000t\000i\000m\000i\000n\000g\000\137\000e\000d\000g\000e\000\137\000i\000t\000e\000r\000a\000t\000i\000o\000n\000s\000\050\000\051}{subsection.3.3.2}% 65
\BOOKMARK [3][-]{subsubsection.3.3.2.3}{\376\377\0003\000.\0003\000.\0002\000.\0003\000\040\000t\000i\000m\000i\000n\000g\000\137\000i\000n\000n\000e\000r\000\137\000i\000t\000e\000r\000a\000t\000i\000o\000n\000s\000\050\000\051}{subsection.3.3.2}% 66
\BOOKMARK [3][-]{subsubsection.3.3.2.4}{\376\377\0003\000.\0003\000.\0002\000.\0004\000\040\000t\000i\000m\000i\000n\000g\000\137\000M\000P\000I\000\137\000c\000o\000m\000m\000s\000\050\000\051}{subsection.3.3.2}% 67
\BOOKMARK [3][-]{subsubsection.3.3.2.5}{\376\377\0003\000.\0003\000.\0002\000.\0005\000\040\000t\000i\000m\000i\000n\000g\000\137\000M\000P\000I\000\137\000C\000r\000e\000a\000t\000e\000\137\000s\000e\000t\000u\000p\000\050\000\051}{subsection.3.3.2}% 68
\BOOKMARK [3][-]{subsubsection.3.3.2.6}{\376\377\0003\000.\0003\000.\0002\000.\0006\000\040\000t\000i\000m\000i\000n\000g\000\137\000t\000o\000t\000a\000l\000\050\000\051}{subsection.3.3.2}% 69
\BOOKMARK [2][-]{subsection.3.3.3}{\376\377\0003\000.\0003\000.\0003\000\040\000M\000e\000m\000b\000e\000r\000\040\000D\000a\000t\000a\000\040\000D\000o\000c\000u\000m\000e\000n\000t\000a\000t\000i\000o\000n}{section.3.3}% 70
\BOOKMARK [3][-]{subsubsection.3.3.3.1}{\376\377\0003\000.\0003\000.\0003\000.\0001\000\040\000d\000o\000m\000a\000i\000n\000\137\000s\000e\000t\000u\000p}{subsection.3.3.3}% 71
\BOOKMARK [3][-]{subsubsection.3.3.3.2}{\376\377\0003\000.\0003\000.\0003\000.\0002\000\040\000d\000o\000m\000a\000i\000n\000\137\000s\000e\000t\000u\000p\000\137\000t\000i\000m\000e}{subsection.3.3.3}% 72
\BOOKMARK [3][-]{subsubsection.3.3.3.3}{\376\377\0003\000.\0003\000.\0003\000.\0003\000\040\000e\000d\000g\000e\000\137\000i\000t\000e\000r\000a\000t\000i\000o\000n\000s\000\137\000t\000i\000m\000e}{subsection.3.3.3}% 73
\BOOKMARK [3][-]{subsubsection.3.3.3.4}{\376\377\0003\000.\0003\000.\0003\000.\0004\000\040\000i\000n\000n\000e\000r\000\137\000i\000t\000e\000r\000a\000t\000i\000o\000n\000s\000\137\000t\000i\000m\000e}{subsection.3.3.3}% 74
\BOOKMARK [3][-]{subsubsection.3.3.3.5}{\376\377\0003\000.\0003\000.\0003\000.\0005\000\040\000m\000p\000i\000\137\000c\000o\000m\000m\000s\000\137\000t\000i\000m\000e}{subsection.3.3.3}% 75
\BOOKMARK [3][-]{subsubsection.3.3.3.6}{\376\377\0003\000.\0003\000.\0003\000.\0006\000\040\000m\000p\000i\000\137\000c\000r\000e\000a\000t\000e\000\137\000t\000i\000m\000e}{subsection.3.3.3}% 76
\BOOKMARK [3][-]{subsubsection.3.3.3.7}{\376\377\0003\000.\0003\000.\0003\000.\0007\000\040\000t\000i\000m\000e\000\137\000e\000d\000g\000e\000\137\000i\000t\000e\000r\000a\000t\000i\000o\000n\000s}{subsection.3.3.3}% 77
\BOOKMARK [3][-]{subsubsection.3.3.3.8}{\376\377\0003\000.\0003\000.\0003\000.\0008\000\040\000t\000i\000m\000e\000\137\000i\000n\000n\000e\000r\000\137\000i\000t\000e\000r\000a\000t\000i\000o\000n\000s}{subsection.3.3.3}% 78
\BOOKMARK [3][-]{subsubsection.3.3.3.9}{\376\377\0003\000.\0003\000.\0003\000.\0009\000\040\000t\000i\000m\000e\000\137\000M\000P\000I\000\137\000c\000o\000m\000m\000s}{subsection.3.3.3}% 79
\BOOKMARK [3][-]{subsubsection.3.3.3.10}{\376\377\0003\000.\0003\000.\0003\000.\0001\0000\000\040\000t\000i\000m\000e\000\137\000M\000P\000I\000\137\000c\000r\000e\000a\000t\000e}{subsection.3.3.3}% 80
\BOOKMARK [3][-]{subsubsection.3.3.3.11}{\376\377\0003\000.\0003\000.\0003\000.\0001\0001\000\040\000t\000i\000m\000e\000\137\000t\000o\000t\000a\000l}{subsection.3.3.3}% 81
\BOOKMARK [3][-]{subsubsection.3.3.3.12}{\376\377\0003\000.\0003\000.\0003\000.\0001\0002\000\040\000t\000o\000t\000a\000l\000\137\000t\000i\000m\000e}{subsection.3.3.3}% 82
\BOOKMARK [0][-]{chapter.4}{\376\377\0004\000\040\000F\000i\000l\000e\000\040\000D\000o\000c\000u\000m\000e\000n\000t\000a\000t\000i\000o\000n}{}% 83
\BOOKMARK [1][-]{section.4.1}{\376\377\0004\000.\0001\000\040\000D\000o\000m\000a\000i\000n\000.\000c\000p\000p}{chapter.4}% 84
\BOOKMARK [1][-]{section.4.2}{\376\377\0004\000.\0002\000\040\000D\000o\000m\000a\000i\000n\000.\000h}{chapter.4}% 85
\BOOKMARK [1][-]{section.4.3}{\376\377\0004\000.\0003\000\040\000M\000a\000i\000n\000.\000c\000p\000p}{chapter.4}% 86
\BOOKMARK [1][-]{section.4.4}{\376\377\0004\000.\0004\000\040\000M\000P\000I\000D\000a\000t\000a\000t\000y\000p\000e\000.\000c\000p\000p}{chapter.4}% 87
\BOOKMARK [1][-]{section.4.5}{\376\377\0004\000.\0005\000\040\000M\000P\000I\000D\000a\000t\000a\000t\000y\000p\000e\000.\000h}{chapter.4}% 88
\BOOKMARK [1][-]{section.4.6}{\376\377\0004\000.\0006\000\040\000P\000a\000r\000a\000m\000e\000t\000e\000r\000s\000.\000h}{chapter.4}% 89
\BOOKMARK [1][-]{section.4.7}{\376\377\0004\000.\0007\000\040\000S\000e\000r\000i\000a\000l\000W\000a\000v\000e\000S\000o\000l\000v\000e\000r\000.\000c\000p\000p}{chapter.4}% 90
\BOOKMARK [1][-]{section.4.8}{\376\377\0004\000.\0008\000\040\000T\000i\000m\000i\000n\000g\000T\000e\000s\000t\000.\000c\000p\000p}{chapter.4}% 91
\BOOKMARK [1][-]{section.4.9}{\376\377\0004\000.\0009\000\040\000T\000i\000m\000i\000n\000g\000T\000e\000s\000t\000.\000h}{chapter.4}% 92
\BOOKMARK [1][-]{section.4.10}{\376\377\0004\000.\0001\0000\000\040\000W\000a\000v\000e\000S\000o\000l\000v\000e\000r\000.\000c\000p\000p}{chapter.4}% 93
\BOOKMARK [1][-]{section.4.11}{\376\377\0004\000.\0001\0001\000\040\000W\000a\000v\000e\000S\000o\000l\000v\000e\000r\000.\000h}{chapter.4}% 94
